C:\USERS\ADMIN\DOCUMENTS\VISUAL STUDIO 2012\PROJECTS\SFML2\SFML2\X64\DEBUG\ANIMATION.OBJ
C:\USERS\ADMIN\DOCUMENTS\VISUAL STUDIO 2012\PROJECTS\SFML2\SFML2\X64\DEBUG\ANIMATIONMANAGER.OBJ
C:\USERS\ADMIN\DOCUMENTS\VISUAL STUDIO 2012\PROJECTS\SFML2\SFML2\X64\DEBUG\DEBUGSHAPE.OBJ
C:\USERS\ADMIN\DOCUMENTS\VISUAL STUDIO 2012\PROJECTS\SFML2\SFML2\X64\DEBUG\MAPLAYER.OBJ
C:\USERS\ADMIN\DOCUMENTS\VISUAL STUDIO 2012\PROJECTS\SFML2\SFML2\X64\DEBUG\MAPLOADERPRIVATE.OBJ
C:\USERS\ADMIN\DOCUMENTS\VISUAL STUDIO 2012\PROJECTS\SFML2\SFML2\X64\DEBUG\MAPLOADERPUBLIC.OBJ
C:\USERS\ADMIN\DOCUMENTS\VISUAL STUDIO 2012\PROJECTS\SFML2\SFML2\X64\DEBUG\MAPOBJECT.OBJ
C:\USERS\ADMIN\DOCUMENTS\VISUAL STUDIO 2012\PROJECTS\SFML2\SFML2\X64\DEBUG\PUGIXML.OBJ
C:\USERS\ADMIN\DOCUMENTS\VISUAL STUDIO 2012\PROJECTS\SFML2\SFML2\X64\DEBUG\QUADTREENODE.OBJ
C:\USERS\ADMIN\DOCUMENTS\VISUAL STUDIO 2012\PROJECTS\SFML2\SFML2\X64\DEBUG\ENTITY.OBJ
C:\USERS\ADMIN\DOCUMENTS\VISUAL STUDIO 2012\PROJECTS\SFML2\SFML2\X64\DEBUG\GAME.OBJ
C:\USERS\ADMIN\DOCUMENTS\VISUAL STUDIO 2012\PROJECTS\SFML2\SFML2\X64\DEBUG\MAIN.OBJ
C:\USERS\ADMIN\DOCUMENTS\VISUAL STUDIO 2012\PROJECTS\SFML2\SFML2\X64\DEBUG\PLAYER.OBJ
C:\USERS\ADMIN\DOCUMENTS\VISUAL STUDIO 2012\PROJECTS\SFML2\SFML2\X64\DEBUG\WORLD.OBJ
C:\USERS\ADMIN\DOCUMENTS\VISUAL STUDIO 2012\PROJECTS\SFML2\SFML2\X64\DEBUG\VC110.PDB
C:\USERS\ADMIN\DOCUMENTS\VISUAL STUDIO 2012\PROJECTS\SFML2\SFML2\X64\DEBUG\COINS.OBJ
C:\USERS\ADMIN\DOCUMENTS\VISUAL STUDIO 2012\PROJECTS\SFML2\SFML2\X64\DEBUG\HELPERCLASS.OBJ
C:\USERS\ADMIN\DOCUMENTS\VISUAL STUDIO 2012\PROJECTS\SFML2\SFML2\X64\DEBUG\PICKUP.OBJ
C:\USERS\ADMIN\DOCUMENTS\VISUAL STUDIO 2012\PROJECTS\SFML2\SFML2\X64\DEBUG\BAT.OBJ
C:\USERS\ADMIN\DOCUMENTS\VISUAL STUDIO 2012\PROJECTS\SFML2\SFML2\X64\DEBUG\BUG.OBJ
C:\USERS\ADMIN\DOCUMENTS\VISUAL STUDIO 2012\PROJECTS\SFML2\SFML2\X64\DEBUG\ENEMIESMANAGER.OBJ
C:\USERS\ADMIN\DOCUMENTS\VISUAL STUDIO 2012\PROJECTS\SFML2\SFML2\X64\DEBUG\ENEMY.OBJ
C:\USERS\ADMIN\DOCUMENTS\VISUAL STUDIO 2012\PROJECTS\SFML2\SFML2\X64\DEBUG\FIREBUG.OBJ
C:\USERS\ADMIN\DOCUMENTS\VISUAL STUDIO 2012\PROJECTS\SFML2\SFML2\X64\DEBUG\GAMESTATE.OBJ
C:\USERS\ADMIN\DOCUMENTS\VISUAL STUDIO 2012\PROJECTS\SFML2\SFML2\X64\DEBUG\MENUSTATE.OBJ
C:\USERS\ADMIN\DOCUMENTS\VISUAL STUDIO 2012\PROJECTS\SFML2\SFML2\X64\DEBUG\PLAYINGSTATE.OBJ
C:\USERS\ADMIN\DOCUMENTS\VISUAL STUDIO 2012\PROJECTS\SFML2\SFML2\X64\DEBUG\SPLASHSCREEN.OBJ
C:\USERS\ADMIN\DOCUMENTS\VISUAL STUDIO 2012\PROJECTS\SFML2\SFML2\X64\DEBUG\EXITSTATE.OBJ
C:\USERS\ADMIN\DOCUMENTS\VISUAL STUDIO 2012\PROJECTS\SFML2\SFML2\X64\DEBUG\LEVELCHANGE.OBJ
C:\USERS\ADMIN\DOCUMENTS\VISUAL STUDIO 2012\PROJECTS\SFML2\SFML2\X64\DEBUG\LEVELCOMPLETE.OBJ
C:\USERS\ADMIN\DOCUMENTS\VISUAL STUDIO 2012\PROJECTS\SFML2\SFML2\X64\DEBUG\PAUSESTATE.OBJ
C:\USERS\ADMIN\DOCUMENTS\VISUAL STUDIO 2012\PROJECTS\SFML2\SFML2\X64\DEBUG\SELECTLEVEL.OBJ
C:\USERS\ADMIN\DOCUMENTS\VISUAL STUDIO 2012\PROJECTS\SFML2\SFML2\X64\DEBUG\STAR.OBJ
C:\USERS\ADMIN\DOCUMENTS\VISUAL STUDIO 2012\PROJECTS\SFML2\X64\DEBUG\SFML2.ILK
C:\USERS\ADMIN\DOCUMENTS\VISUAL STUDIO 2012\PROJECTS\SFML2\X64\DEBUG\SFML2.EXE
C:\USERS\ADMIN\DOCUMENTS\VISUAL STUDIO 2012\PROJECTS\SFML2\X64\DEBUG\SFML2.PDB
C:\Users\Admin\Documents\Visual Studio 2012\Projects\Jet X Release\SFML2\x64\Debug\Animation.obj
C:\Users\Admin\Documents\Visual Studio 2012\Projects\Jet X Release\SFML2\x64\Debug\AnimationManager.obj
C:\Users\Admin\Documents\Visual Studio 2012\Projects\Jet X Release\SFML2\x64\Debug\Bat.obj
C:\Users\Admin\Documents\Visual Studio 2012\Projects\Jet X Release\SFML2\x64\Debug\Bug.obj
C:\Users\Admin\Documents\Visual Studio 2012\Projects\Jet X Release\SFML2\x64\Debug\Coins.obj
C:\Users\Admin\Documents\Visual Studio 2012\Projects\Jet X Release\SFML2\x64\Debug\DebugShape.obj
C:\Users\Admin\Documents\Visual Studio 2012\Projects\Jet X Release\SFML2\x64\Debug\EnemiesManager.obj
C:\Users\Admin\Documents\Visual Studio 2012\Projects\Jet X Release\SFML2\x64\Debug\Enemy.obj
C:\Users\Admin\Documents\Visual Studio 2012\Projects\Jet X Release\SFML2\x64\Debug\Entity.obj
C:\Users\Admin\Documents\Visual Studio 2012\Projects\Jet X Release\SFML2\x64\Debug\ExitState.obj
C:\Users\Admin\Documents\Visual Studio 2012\Projects\Jet X Release\SFML2\x64\Debug\Firebug.obj
C:\Users\Admin\Documents\Visual Studio 2012\Projects\Jet X Release\SFML2\x64\Debug\Game.obj
C:\Users\Admin\Documents\Visual Studio 2012\Projects\Jet X Release\SFML2\x64\Debug\GameState.obj
C:\Users\Admin\Documents\Visual Studio 2012\Projects\Jet X Release\SFML2\x64\Debug\HelperClass.obj
C:\Users\Admin\Documents\Visual Studio 2012\Projects\Jet X Release\SFML2\x64\Debug\LevelChange.obj
C:\Users\Admin\Documents\Visual Studio 2012\Projects\Jet X Release\SFML2\x64\Debug\LevelComplete.obj
C:\Users\Admin\Documents\Visual Studio 2012\Projects\Jet X Release\SFML2\x64\Debug\main.obj
C:\Users\Admin\Documents\Visual Studio 2012\Projects\Jet X Release\SFML2\x64\Debug\MapLayer.obj
C:\Users\Admin\Documents\Visual Studio 2012\Projects\Jet X Release\SFML2\x64\Debug\MapLoaderPrivate.obj
C:\Users\Admin\Documents\Visual Studio 2012\Projects\Jet X Release\SFML2\x64\Debug\MapLoaderPublic.obj
C:\Users\Admin\Documents\Visual Studio 2012\Projects\Jet X Release\SFML2\x64\Debug\MapObject.obj
C:\Users\Admin\Documents\Visual Studio 2012\Projects\Jet X Release\SFML2\x64\Debug\MenuState.obj
C:\Users\Admin\Documents\Visual Studio 2012\Projects\Jet X Release\SFML2\x64\Debug\PauseState.obj
C:\Users\Admin\Documents\Visual Studio 2012\Projects\Jet X Release\SFML2\x64\Debug\Pickup.obj
C:\Users\Admin\Documents\Visual Studio 2012\Projects\Jet X Release\SFML2\x64\Debug\Player.obj
C:\Users\Admin\Documents\Visual Studio 2012\Projects\Jet X Release\SFML2\x64\Debug\PlayingState.obj
C:\Users\Admin\Documents\Visual Studio 2012\Projects\Jet X Release\SFML2\x64\Debug\pugixml.obj
C:\Users\Admin\Documents\Visual Studio 2012\Projects\Jet X Release\SFML2\x64\Debug\QuadTreeNode.obj
C:\Users\Admin\Documents\Visual Studio 2012\Projects\Jet X Release\SFML2\x64\Debug\SelectLevel.obj
C:\Users\Admin\Documents\Visual Studio 2012\Projects\Jet X Release\SFML2\x64\Debug\SplashScreen.obj
C:\Users\Admin\Documents\Visual Studio 2012\Projects\Jet X Release\SFML2\x64\Debug\Star.obj
C:\Users\Admin\Documents\Visual Studio 2012\Projects\Jet X Release\SFML2\x64\Debug\World.obj
C:\Users\Admin\Documents\Visual Studio 2012\Projects\Jet X Release\SFML2\x64\Debug\cl.command.1.tlog
C:\Users\Admin\Documents\Visual Studio 2012\Projects\Jet X Release\SFML2\x64\Debug\CL.read.1.tlog
C:\Users\Admin\Documents\Visual Studio 2012\Projects\Jet X Release\SFML2\x64\Debug\CL.write.1.tlog
C:\Users\Admin\Documents\Visual Studio 2012\Projects\Jet X Release\SFML2\x64\Debug\link-cvtres.read.1.tlog
C:\Users\Admin\Documents\Visual Studio 2012\Projects\Jet X Release\SFML2\x64\Debug\link-cvtres.write.1.tlog
C:\Users\Admin\Documents\Visual Studio 2012\Projects\Jet X Release\SFML2\x64\Debug\link-rc.read.1.tlog
C:\Users\Admin\Documents\Visual Studio 2012\Projects\Jet X Release\SFML2\x64\Debug\link-rc.write.1.tlog
C:\Users\Admin\Documents\Visual Studio 2012\Projects\Jet X Release\SFML2\x64\Debug\link.2292-cvtres.read.1.tlog
C:\Users\Admin\Documents\Visual Studio 2012\Projects\Jet X Release\SFML2\x64\Debug\link.2292-cvtres.write.1.tlog
C:\Users\Admin\Documents\Visual Studio 2012\Projects\Jet X Release\SFML2\x64\Debug\link.2292-rc.read.1.tlog
C:\Users\Admin\Documents\Visual Studio 2012\Projects\Jet X Release\SFML2\x64\Debug\link.2292-rc.write.1.tlog
C:\Users\Admin\Documents\Visual Studio 2012\Projects\Jet X Release\SFML2\x64\Debug\link.2292.read.1.tlog
C:\Users\Admin\Documents\Visual Studio 2012\Projects\Jet X Release\SFML2\x64\Debug\link.2292.write.1.tlog
C:\Users\Admin\Documents\Visual Studio 2012\Projects\Jet X Release\SFML2\x64\Debug\link.532-cvtres.read.1.tlog
C:\Users\Admin\Documents\Visual Studio 2012\Projects\Jet X Release\SFML2\x64\Debug\link.532-cvtres.write.1.tlog
C:\Users\Admin\Documents\Visual Studio 2012\Projects\Jet X Release\SFML2\x64\Debug\link.532-rc.read.1.tlog
C:\Users\Admin\Documents\Visual Studio 2012\Projects\Jet X Release\SFML2\x64\Debug\link.532-rc.write.1.tlog
C:\Users\Admin\Documents\Visual Studio 2012\Projects\Jet X Release\SFML2\x64\Debug\link.532.read.1.tlog
C:\Users\Admin\Documents\Visual Studio 2012\Projects\Jet X Release\SFML2\x64\Debug\link.532.write.1.tlog
C:\Users\Admin\Documents\Visual Studio 2012\Projects\Jet X Release\SFML2\x64\Debug\link.command.1.tlog
C:\Users\Admin\Documents\Visual Studio 2012\Projects\Jet X Release\SFML2\x64\Debug\link.read.1.tlog
C:\Users\Admin\Documents\Visual Studio 2012\Projects\Jet X Release\SFML2\x64\Debug\link.write.1.tlog
C:\Users\Admin\Documents\Visual Studio 2012\Projects\Jet X Release\SFML2\x64\Debug\vc110.idb
C:\Users\Admin\Documents\Visual Studio 2012\Projects\Jet X Release\SFML2\x64\Debug\vc110.pdb
