Build started 2015-05-19 06:01:58.
     1>Project "C:\Users\Admin\Documents\Visual Studio 2013\Projects\Jet X Release\SFML2\SFML2.vcxproj" on node 2 (Build target(s)).
     1>ClCompile:
         C:\Program Files (x86)\Microsoft Visual Studio 12.0\VC\bin\x86_amd64\CL.exe /c /I"D:\Programowanie\sfml projekt\sfml-tmxloader-master\include" /I"C:\SFML-2.1\include" /Zi /nologo /W3 /WX- /O2 /Oi /GL /D WIN32 /D NDEBUG /D _CONSOLE /D _UNICODE /D UNICODE /Gm- /EHsc /MD /GS /Gy /fp:precise /Zc:wchar_t /Zc:forScope /Fo"x64\Release\\" /Fd"x64\Release\vc120.pdb" /Gd /TP /errorReport:prompt Animation.cpp AnimationManager.cpp Bat.cpp Bug.cpp Coins.cpp EnemiesManager.cpp Enemy.cpp Entity.cpp ExitState.cpp Firebug.cpp Game.cpp GameState.cpp HelperClass.cpp LevelChange.cpp LevelComplete.cpp main.cpp MenuState.cpp PauseState.cpp Pickup.cpp Player.cpp PlayingState.cpp SelectLevel.cpp SplashScreen.cpp Star.cpp World.cpp
         Animation.cpp
     1>Animation.cpp(28): warning C4267: 'return' : conversion from 'size_t' to 'int', possible loss of data
     1>Animation.cpp(49): warning C4172: returning address of local variable or temporary
         AnimationManager.cpp
         Bat.cpp
     1>Bat.cpp(12): warning C4244: 'argument' : conversion from 'float' to 'int', possible loss of data
         Bug.cpp
     1>Bug.cpp(7): warning C4244: 'argument' : conversion from 'int' to 'float', possible loss of data
     1>Bug.cpp(12): warning C4244: 'argument' : conversion from 'float' to 'int', possible loss of data
     1>Bug.cpp(13): warning C4244: 'argument' : conversion from 'float' to 'int', possible loss of data
     1>Bug.cpp(14): warning C4244: 'argument' : conversion from 'float' to 'int', possible loss of data
         Coins.cpp
     1>Coins.cpp(12): warning C4244: 'argument' : conversion from 'float' to 'int', possible loss of data
     1>Coins.cpp(25): warning C4267: '=' : conversion from 'size_t' to 'int', possible loss of data
         EnemiesManager.cpp
     1>EnemiesManager.cpp(55): warning C4244: 'argument' : conversion from 'int' to 'float', possible loss of data
         Enemy.cpp
         Entity.cpp
         ExitState.cpp
         Firebug.cpp
     1>Firebug.cpp(8): warning C4244: 'argument' : conversion from 'int' to 'float', possible loss of data
     1>Firebug.cpp(15): warning C4244: 'argument' : conversion from 'float' to 'int', possible loss of data
     1>Firebug.cpp(19): warning C4244: 'argument' : conversion from 'float' to 'int', possible loss of data
     1>Firebug.cpp(20): warning C4244: 'argument' : conversion from 'float' to 'int', possible loss of data
     1>Firebug.cpp(21): warning C4244: 'argument' : conversion from 'float' to 'int', possible loss of data
         Game.cpp
         GameState.cpp
         HelperClass.cpp
         LevelChange.cpp
         LevelComplete.cpp
         main.cpp
     1>main.cpp(13): warning C4244: 'argument' : conversion from 'time_t' to 'unsigned int', possible loss of data
         MenuState.cpp
     1>MenuState.cpp(63): warning C4267: '=' : conversion from 'size_t' to 'int', possible loss of data
         PauseState.cpp
     1>PauseState.cpp(62): warning C4267: '=' : conversion from 'size_t' to 'int', possible loss of data
         Pickup.cpp
         Player.cpp
     1>Player.cpp(21): warning C4305: 'initializing' : truncation from 'double' to 'float'
     1>Player.cpp(88): warning C4244: 'argument' : conversion from 'const int' to 'float', possible loss of data
     1>Player.cpp(255): warning C4244: '-=' : conversion from 'double' to 'float', possible loss of data
         Compiling...
         PlayingState.cpp
         SelectLevel.cpp
     1>SelectLevel.cpp(59): warning C4267: '=' : conversion from 'size_t' to 'int', possible loss of data
         SplashScreen.cpp
         Star.cpp
         World.cpp
     1>World.cpp(17): warning C4244: 'argument' : conversion from 'unsigned int' to 'float', possible loss of data
       Link:
         C:\Program Files (x86)\Microsoft Visual Studio 12.0\VC\bin\x86_amd64\link.exe /ERRORREPORT:PROMPT /OUT:"C:\Users\Admin\Documents\Visual Studio 2013\Projects\Jet X Release\x64\Release\Jet x.exe" /INCREMENTAL:NO /NOLOGO /LIBPATH:"D:\Programowanie\sfml projekt\sfml-tmxloader-master\lib" /LIBPATH:"C:\SFML-2.1\lib" zlibstat.lib "sfml-window.lib" "sfml-system.lib" "sfml-graphics.lib" kernel32.lib user32.lib gdi32.lib winspool.lib comdlg32.lib advapi32.lib shell32.lib ole32.lib oleaut32.lib uuid.lib odbc32.lib odbccp32.lib /MANIFEST /MANIFESTUAC:"level='asInvoker' uiAccess='false'" /manifest:embed /DEBUG /PDB:"C:\Users\Admin\Documents\Visual Studio 2013\Projects\Jet X Release\x64\Release\Jet x.pdb" /SUBSYSTEM:CONSOLE /OPT:REF /OPT:ICF /LTCG /TLBID:1 /DYNAMICBASE /NXCOMPAT /IMPLIB:"C:\Users\Admin\Documents\Visual Studio 2013\Projects\Jet X Release\x64\Release\Jet x.lib" /MACHINE:X64 x64\Release\Animation.obj
         x64\Release\AnimationManager.obj
         x64\Release\Bat.obj
         x64\Release\Bug.obj
         x64\Release\Coins.obj
         x64\Release\DebugShape.obj
         x64\Release\MapLayer.obj
         x64\Release\MapLoaderPrivate.obj
         x64\Release\MapLoaderPublic.obj
         x64\Release\MapObject.obj
         x64\Release\pugixml.obj
         x64\Release\QuadTreeNode.obj
         x64\Release\EnemiesManager.obj
         x64\Release\Enemy.obj
         x64\Release\Entity.obj
         x64\Release\ExitState.obj
         x64\Release\Firebug.obj
         x64\Release\Game.obj
         x64\Release\GameState.obj
         x64\Release\HelperClass.obj
         x64\Release\LevelChange.obj
         x64\Release\LevelComplete.obj
         x64\Release\main.obj
         x64\Release\MenuState.obj
         x64\Release\PauseState.obj
         x64\Release\Pickup.obj
         x64\Release\Player.obj
         x64\Release\PlayingState.obj
         x64\Release\SelectLevel.obj
         x64\Release\SplashScreen.obj
         x64\Release\Star.obj
         x64\Release\World.obj
         Generating code
     1>c:\users\admin\documents\visual studio 2013\projects\jet x release\sfml2\animation.cpp(63): warning C4715: 'Animation::getMargin' : not all control paths return a value
         Finished generating code
         SFML2.vcxproj -> C:\Users\Admin\Documents\Visual Studio 2013\Projects\Jet X Release\x64\Release\Jet x.exe
     1>Done Building Project "C:\Users\Admin\Documents\Visual Studio 2013\Projects\Jet X Release\SFML2\SFML2.vcxproj" (Build target(s)).

Build succeeded.

Time Elapsed 00:00:28.18
